2024-06-12 18:47:28,874 [win_main.py/__init__] - DEBUG - Opened main window
2024-06-12 18:47:28,929 [win_main.py/create_widgets] - DEBUG - Widgets are created
2024-06-12 18:47:39,968 [handlers.py/select_file_path] - DEBUG - Ask open file window created
2024-06-12 18:47:39,968 [handlers.py/select_file_path] - DEBUG - Entry is rewritten
2024-06-12 18:47:41,002 [win_main.py/check_video_path] - DEBUG - Checking video path existance
2024-06-12 18:47:41,537 [win_main.py/open_mark_window] - DEBUG - Trying to open video file
2024-06-12 18:47:41,572 [win_mark.py/__init__] - DEBUG - Opened mark window
2024-06-12 18:47:41,572 [handlers.py/get_max_video_size] - INFO - Max video size is calculated as 1280, 720
2024-06-12 18:48:00,385 [utils.py/wrapper] - DEBUG - video_redecoding ran in 18.811s
2024-06-12 18:48:03,697 [videoplayer.py/load] - INFO - Video information: {'duration': 91.62486666666666, 'framerate': Fraction(20550000, 1374373), 'time_base': Fraction(1, 15000), 'framesize': (1280, 720), 'audio_sample_rate': 48000, 'frames_num': 1370}
2024-06-12 18:48:03,824 [videoplayer.py/_frame_preview] - DEBUG - Current frame num is 0
2024-06-12 18:48:03,913 [videoplayer.py/_play_video] - DEBUG - Start play_video loop
2024-06-12 18:48:03,913 [videoplayer.py/load] - DEBUG - <<Loaded>> event generated
2024-06-12 18:48:03,989 [win_mark.py/__init__] - INFO - Init video frame nums - 1370
2024-06-12 18:48:04,039 [win_mark.py/create_menu] - DEBUG - Menu is created
2024-06-12 18:48:04,498 [win_mark.py/create_widgets] - DEBUG - Widgets are created
2024-06-12 18:48:04,616 [videoplayer.py/_resize_event] - INFO - Video scaled to (1280, 724)
2024-06-12 18:48:07,639 [videoplayer.py/pause] - DEBUG - Video paused
2024-06-12 18:48:07,723 [videoplayer.py/seek] - DEBUG - Seek container to frame 188
2024-06-12 18:48:07,727 [videoplayer.py/_frame_preview] - DEBUG - Current frame num is 2813838310269
2024-06-12 18:48:08,302 [videoplayer.py/pause] - DEBUG - Video paused
2024-06-12 18:48:08,389 [videoplayer.py/seek] - DEBUG - Seek container to frame 252
2024-06-12 18:48:08,393 [videoplayer.py/_frame_preview] - DEBUG - Current frame num is 3771755666038
2024-06-12 18:48:09,848 [videoplayer.py/pause] - DEBUG - Video paused
2024-06-12 18:48:09,934 [videoplayer.py/seek] - DEBUG - Seek container to frame 283
2024-06-12 18:48:09,938 [videoplayer.py/_frame_preview] - DEBUG - Current frame num is 4235724690458
2024-06-12 18:48:10,564 [videoplayer.py/pause] - DEBUG - Video paused
2024-06-12 18:48:10,664 [videoplayer.py/seek] - DEBUG - Seek container to frame 201
2024-06-12 18:48:10,670 [videoplayer.py/_frame_preview] - DEBUG - Current frame num is 3008412235979
2024-06-12 18:48:11,172 [videoplayer.py/pause] - DEBUG - Video paused
2024-06-12 18:48:11,269 [videoplayer.py/seek] - DEBUG - Seek container to frame 150
2024-06-12 18:48:11,273 [videoplayer.py/_frame_preview] - DEBUG - Current frame num is 2245083758193
2024-06-12 18:48:11,848 [videoplayer.py/pause] - DEBUG - Video paused
2024-06-12 18:48:11,943 [videoplayer.py/seek] - DEBUG - Seek container to frame 164
2024-06-12 18:48:11,947 [videoplayer.py/_frame_preview] - DEBUG - Current frame num is 2454624908958
2024-06-12 18:48:12,288 [videoplayer.py/pause] - DEBUG - Video paused
2024-06-12 18:48:12,388 [videoplayer.py/seek] - DEBUG - Seek container to frame 193
2024-06-12 18:48:12,393 [videoplayer.py/_frame_preview] - DEBUG - Current frame num is 2888674435542
2024-06-12 18:48:13,203 [videoplayer.py/pause] - DEBUG - Video paused
2024-06-12 18:48:13,309 [videoplayer.py/seek] - DEBUG - Seek container to frame 226
2024-06-12 18:48:13,314 [videoplayer.py/_frame_preview] - DEBUG - Current frame num is 3367625637290
2024-06-12 18:49:04,811 [videoplayer.py/pause] - DEBUG - Video paused
2024-06-12 18:49:04,882 [videoplayer.py/seek] - DEBUG - Seek container to frame 269
2024-06-12 18:49:04,886 [videoplayer.py/_frame_preview] - DEBUG - Current frame num is 4026198491966
2024-06-12 18:53:35,875 [handlers.py/select_file_path] - DEBUG - Ask open file window created
2024-06-12 18:53:35,876 [handlers.py/select_file_path] - DEBUG - Entry is rewritten
2024-06-12 18:53:40,437 [handlers.py/select_file_path] - DEBUG - Ask open file window created
2024-06-12 18:53:40,437 [handlers.py/select_file_path] - DEBUG - Entry is rewritten
2024-06-12 18:53:49,640 [handlers.py/select_save_path] - DEBUG - Ask save directory window created
2024-06-12 18:53:49,640 [handlers.py/select_save_path] - DEBUG - Entry is rewritten
2024-06-12 18:53:50,664 [win_compute.py/__init__] - DEBUG - Opened compute window
2024-06-12 18:53:50,783 [win_compute.py/__init__] - DEBUG - Computation started...
2024-06-12 18:54:10,516 [win_compute.py/update_progress_thread] - DEBUG - Computation ended successfully
2024-06-12 19:00:56,263 [win_compute.py/_on_exit] - DEBUG - Trying to exit! Compute_process is alive = False,                       update thread is alive = False
2024-06-12 19:00:56,264 [win_compute.py/_on_exit] - DEBUG - Compute window closed by user
2024-06-12 19:00:56,265 [win_compute.py/_on_destroy] - DEBUG - Compute window closed by force
2024-06-12 19:00:56,307 [win_compute.py/_on_destroy] - DEBUG - Compute window closed by force
2024-06-12 19:00:56,347 [win_compute.py/_on_destroy] - DEBUG - Compute window closed by force
2024-06-12 19:00:56,392 [win_compute.py/_on_destroy] - DEBUG - Compute window closed by force
2024-06-12 19:00:56,434 [win_compute.py/_on_destroy] - DEBUG - Compute window closed by force
